Arguments: 
  C:\Program Files\nodejs\node.exe C:\Users\lenovo\AppData\Roaming\npm\node_modules\yarn\bin\yarn.js set version berry

PATH: 
  C:\oraclexe\app\oracle\product\10.2.0\server\bin;C:\Python39\Scripts\;C:\Python39\;C:\Users\lenovo\python38\Scripts\;C:\Users\lenovo\python38\;C:\Program Files\Common Files\Oracle\Java\javapath;C:\Windows\system32;C:\Windows;C:\Windows\System32\Wbem;C:\Windows\System32\WindowsPowerShell\v1.0\;C:\Windows\System32\OpenSSH\;C:\Program Files\Java\jdk-15\bin;C:\ProgramData\chocolatey\bin;C:\Program Files\nodejs\;C:\Users\lenovo\AppData\Local\Microsoft\WindowsApps;C:\IntelliJ IDEA Community Edition 2020.2.2\bin;;C:\Program Files\JetBrains\PyCharm Community Edition 2020.2.2\bin;;C:\Program Files\CodeBlocks\MinGW\bin;C:\Users\lenovo\AppData\Roaming\npm;C:\Users\lenovo\AppData\Local\Programs\Microsoft VS Code\bin;C:\Program Files\MongoDB\Server\4.4\bin;

Yarn version: 
  1.22.10

Node version: 
  14.15.3

Platform: 
  win32 x64

Trace: 
  Error: getaddrinfo ENOTFOUND raw.githubusercontent.com
      at GetAddrInfoReqWrap.onlookup [as oncomplete] (dns.js:67:26)

npm manifest: 
  {
    "name": "javascript",
    "version": "1.0.0",
    "main": "Ajax.js",
    "dependencies": {
      "cha": "^0.2.1",
      "pug": "^3.0.0",
      "socket.io": "^3.0.5"
    },
    "devDependencies": {
      "mocha": "^8.2.1",
      "nodemon": "^2.0.6"
    },
    "scripts": {
      "test": "mocha"
    },
    "author": "",
    "license": "ISC",
    "description": ""
  }

yarn manifest: 
  No manifest

Lockfile: 
  No lockfile
